=====================================
Starting 5 Extremal
  End rep
  End rep
  End rep
  End rep
  End rep
End of 5 Extremal
Q(e) = 0.697419   (0.087s)
=====================================
Starting 5 Louvain
  resizing
  Q = 0.697419   comms = 5
  End rep
End of 5 Louvain
Q(l) = 0.697419   (0.014s)
=====================================
Ini_Default
=====================================
Starting 5 Louvain
  Q = 0.609039   comms = 20
  Q = 0.669787   comms = 14
  resizing
  Q = 0.669787   comms = 14
  Q = 0.692101   comms = 7
  Q = 0.695298   comms = 6
  Q = 0.697419   comms = 5
  resizing
  Q = 0.697419   comms = 5
  End rep
End of 5 Louvain
Q(l) = 0.697419   (0.030s)
=====================================
Starting 5 Reposition
  End rep
End of 5 Reposition
Q(r) = 0.697419   (0.012s)
=====================================
Ini_Default
=====================================
Starting 5 Louvain
  Q = 0.609039   comms = 20
  Q = 0.669787   comms = 14
  resizing
  Q = 0.669787   comms = 14
  Q = 0.692101   comms = 7
  Q = 0.695298   comms = 6
  Q = 0.697419   comms = 5
  resizing
  Q = 0.697419   comms = 5
  End rep
End of 5 Louvain
Q(l) = 0.697419   (0.037s)
=====================================
Starting 5 Louvain
  resizing
  Q = 0.697419   comms = 5
  End rep
End of 5 Louvain
Q(l) = 0.697419   (0.016s)
=====================================
Ini_Default
=====================================
Starting 5 Spectral
  Q = 0.359520   comms = 2
  Q = 0.587716   comms = 3
  Q = 0.696773   comms = 4
  End rep
  Q = 0.359520   comms = 2
  Q = 0.587716   comms = 3
  Q = 0.696773   comms = 4
  End rep
  Q = 0.359520   comms = 2
  Q = 0.587716   comms = 3
  Q = 0.696773   comms = 4
  End rep
  Q = 0.359520   comms = 2
  Q = 0.587716   comms = 3
  Q = 0.696773   comms = 4
  End rep
  Q = 0.359520   comms = 2
  Q = 0.587716   comms = 3
  Q = 0.696773   comms = 4
  End rep
End of 5 Spectral
Q(s) = 0.696773   (1.090s)
=====================================
Starting 5 Reposition
  End rep
End of 5 Reposition
Q(r) = 0.696773   (0.011s)
=====================================
Starting 5 Fast
  Q = 0.696773   comms = 4
  End rep
End of 5 Fast
Q(f) = 0.696773   (0.009s)
=====================================
Starting 5 Reposition
  End rep
End of 5 Reposition
Q(r) = 0.696773   (0.011s)
=====================================
Ini_Default
=====================================
Starting 5 Tabu
  Q = 0.123336   comms = 207
  Q = 0.253045   comms = 158
  Q = 0.391287   comms = 108
  Q = 0.532359   comms = 58
  Q = 0.679596   comms = 8
  Q = 0.696773   comms = 4
  End rep
  Q = 0.128859   comms = 206
  Q = 0.261995   comms = 156
  Q = 0.393661   comms = 107
  Q = 0.527303   comms = 58
  Q = 0.679596   comms = 8
  Q = 0.696773   comms = 4
  End rep
  Q = 0.124588   comms = 206
  Q = 0.256994   comms = 156
  Q = 0.397963   comms = 106
  Q = 0.541785   comms = 56
  Q = 0.690338   comms = 6
  Q = 0.694652   comms = 5
  End rep
  Q = 0.125161   comms = 206
  Q = 0.260380   comms = 156
  Q = 0.395284   comms = 106
  Q = 0.532991   comms = 56
  Q = 0.688905   comms = 6
  Q = 0.696773   comms = 4
  End rep
  Q = 0.124389   comms = 206
  Q = 0.259141   comms = 156
  Q = 0.396588   comms = 106
  Q = 0.539857   comms = 56
  Q = 0.684817   comms = 8
  Q = 0.697419   comms = 5
  End rep
End of 5 Tabu
Q(t) = 0.697419   (21.912s)
=====================================
Starting 5 Reposition
  End rep
End of 5 Reposition
Q(r) = 0.697419   (0.012s)
=====================================
Starting 5 Fast
  Q = 0.697419   comms = 5
  End rep
End of 5 Fast
Q(f) = 0.697419   (0.009s)
=====================================
Starting 5 Reposition
  End rep
End of 5 Reposition
Q(r) = 0.697419   (0.011s)
=====================================
Q_Best = 0.697419   (23.260s)   communities: 5   parameters: WN el-lr-ll-srfr-trfr 5
