=====================================
Starting 5 Extremal
  End rep
  End rep
  End rep
  End rep
  End rep
End of 5 Extremal
Q(e) = 0.000000   (0.006s)
=====================================
Starting 5 Louvain
  resizing
  Q = 0.000000   comms = 1
  End rep
End of 5 Louvain
Q(l) = 0.000000   (0.003s)
=====================================
Ini_Default
=====================================
Starting 5 Louvain
  Q = 0.000000   comms = 1
  resizing
  Q = 0.000000   comms = 1
  End rep
End of 5 Louvain
Q(l) = 0.000000   (0.003s)
=====================================
Starting 5 Reposition
  End rep
End of 5 Reposition
Q(r) = 0.000000   (0.001s)
=====================================
Ini_Default
=====================================
Starting 5 Louvain
  Q = 0.000000   comms = 1
  resizing
  Q = 0.000000   comms = 1
  End rep
End of 5 Louvain
Q(l) = 0.000000   (0.002s)
=====================================
Starting 5 Louvain
  resizing
  Q = 0.000000   comms = 1
  End rep
End of 5 Louvain
Q(l) = 0.000000   (0.002s)
=====================================
Ini_Default
=====================================
Starting 5 Spectral
  End rep
  End rep
  End rep
  End rep
  End rep
End of 5 Spectral
Q(s) = 0.000000   (0.004s)
=====================================
Starting 5 Reposition
  End rep
End of 5 Reposition
Q(r) = 0.000000   (0.001s)
=====================================
Starting 5 Fast
  Q = 0.000000   comms = 1
  End rep
End of 5 Fast
Q(f) = 0.000000   (0.002s)
=====================================
Starting 5 Reposition
  End rep
End of 5 Reposition
Q(r) = 0.000000   (0.001s)
=====================================
Ini_Default
=====================================
Starting 5 Tabu
  Q = 0.000000   comms = 1
  End rep
  Q = 0.000000   comms = 1
  End rep
  Q = 0.000000   comms = 1
  End rep
  Q = 0.000000   comms = 1
  End rep
  Q = 0.000000   comms = 1
  End rep
End of 5 Tabu
Q(t) = 0.000000   (0.012s)
=====================================
Starting 5 Reposition
  End rep
End of 5 Reposition
Q(r) = 0.000000   (0.001s)
=====================================
Starting 5 Fast
  Q = 0.000000   comms = 1
  End rep
End of 5 Fast
Q(f) = 0.000000   (0.002s)
=====================================
Starting 5 Reposition
  End rep
End of 5 Reposition
Q(r) = 0.000000   (0.002s)
=====================================
Q_Best = 0.000000   (0.042s)   communities: 1   parameters: WN el-lr-ll-srfr-trfr 5
