=====================================
Starting 5 Extremal
  End rep
  End rep
  End rep
  End rep
  End rep
End of 5 Extremal
Q(e) = 0.419790   (0.013s)
=====================================
Starting 5 Louvain
  resizing
  Q = 0.419790   comms = 4
  End rep
End of 5 Louvain
Q(l) = 0.419790   (0.004s)
=====================================
Ini_Default
=====================================
Starting 5 Louvain
  Q = 0.217045   comms = 13
  Q = 0.289530   comms = 10
  Q = 0.350920   comms = 7
  Q = 0.361358   comms = 6
  resizing
  Q = 0.361358   comms = 6
  Q = 0.418803   comms = 4
  resizing
  Q = 0.418803   comms = 4
  End rep
End of 5 Louvain
Q(l) = 0.418803   (0.006s)
=====================================
Starting 5 Reposition
  Q = 0.419790   comms = 4
  End rep
End of 5 Reposition
Q(r) = 0.419790   (0.004s)
=====================================
Ini_Default
=====================================
Starting 5 Louvain
  Q = 0.217045   comms = 13
  Q = 0.289530   comms = 10
  Q = 0.350920   comms = 7
  Q = 0.361358   comms = 6
  resizing
  Q = 0.361358   comms = 6
  Q = 0.418803   comms = 4
  resizing
  Q = 0.418803   comms = 4
  End rep
End of 5 Louvain
Q(l) = 0.418803   (0.006s)
=====================================
Starting 5 Louvain
  Q = 0.419790   comms = 4
  resizing
  Q = 0.419790   comms = 4
  End rep
End of 5 Louvain
Q(l) = 0.419790   (0.003s)
=====================================
Ini_Default
=====================================
Starting 5 Spectral
  Q = 0.371466   comms = 2
  Q = 0.392176   comms = 3
  Q = 0.393409   comms = 4
  End rep
  Q = 0.371466   comms = 2
  Q = 0.392176   comms = 3
  Q = 0.393409   comms = 4
  End rep
  Q = 0.371466   comms = 2
  Q = 0.392176   comms = 3
  Q = 0.393409   comms = 4
  End rep
  Q = 0.371466   comms = 2
  Q = 0.372699   comms = 3
  Q = 0.393409   comms = 4
  End rep
  Q = 0.371466   comms = 2
  Q = 0.392176   comms = 3
  Q = 0.393409   comms = 4
  End rep
End of 5 Spectral
Q(s) = 0.393409   (0.136s)
=====================================
Starting 5 Reposition
  Q = 0.398093   comms = 4
  End rep
End of 5 Reposition
Q(r) = 0.398093   (0.003s)
=====================================
Starting 5 Fast
  Q = 0.398093   comms = 4
  End rep
End of 5 Fast
Q(f) = 0.398093   (0.003s)
=====================================
Starting 5 Reposition
  End rep
End of 5 Reposition
Q(r) = 0.398093   (0.004s)
=====================================
Ini_Default
=====================================
Starting 5 Tabu
  Q = 0.213757   comms = 14
  Q = 0.390450   comms = 5
  Q = 0.419790   comms = 4
  End rep
  Q = 0.189185   comms = 14
  Q = 0.397847   comms = 4
  Q = 0.419790   comms = 4
  End rep
  Q = 0.225838   comms = 14
  Q = 0.406969   comms = 4
  Q = 0.419790   comms = 4
  End rep
  Q = 0.220579   comms = 14
  Q = 0.399655   comms = 6
  Q = 0.419790   comms = 4
  End rep
  Q = 0.205703   comms = 16
  Q = 0.419790   comms = 4
  Q = 0.419790   comms = 4
  End rep
End of 5 Tabu
Q(t) = 0.419790   (0.171s)
=====================================
Starting 5 Reposition
  End rep
End of 5 Reposition
Q(r) = 0.419790   (0.003s)
=====================================
Starting 5 Fast
  Q = 0.419790   comms = 4
  End rep
End of 5 Fast
Q(f) = 0.419790   (0.003s)
=====================================
Starting 5 Reposition
  End rep
End of 5 Reposition
Q(r) = 0.419790   (0.003s)
=====================================
Q_Best = 0.419790   (0.362s)   communities: 4   parameters: WN el-lr-ll-srfr-trfr 5
